<?xml version="1.0" encoding="UTF-8"?>
<!-- Generated by org.testng.reporters.JUnitXMLReporter -->
<testsuite ignored="0" hostname="LAPTOP-MRK535JM" failures="0" tests="3" name="Default test" time="38.54" errors="0" timestamp="2023-10-27T14:38:38 CDT">
  <testcase classname="testcases.TestCaseTwo" name="testCaseArray" time="8.86"/>
  <testcase classname="testcases.TestCaseTwo" name="testCaseArray" time="4.357"/>
  <testcase classname="testcases.TestCaseTwo" name="testCaseArray" time="4.537"/>
</testsuite> <!-- Default test -->
