<?xml version="1.0" encoding="UTF-8"?>
<!-- Generated by org.testng.reporters.JUnitXMLReporter -->
<testsuite ignored="0" hostname="LAPTOP-MRK535JM" failures="0" tests="3" name="Default test" time="27.688" errors="0" timestamp="2023-11-29T14:06:05 CST">
  <testcase classname="testcases.TestCaseTwo" name="testCaseArray" time="7.314"/>
  <testcase classname="testcases.TestCaseTwo" name="testCaseArray" time="4.243"/>
  <testcase classname="testcases.TestCaseTwo" name="testCaseArray" time="4.226"/>
</testsuite> <!-- Default test -->
