<?xml version="1.0" encoding="UTF-8"?>
<!-- Generated by org.testng.reporters.JUnitXMLReporter -->
<testsuite ignored="1" hostname="LAPTOP-MRK535JM" failures="0" tests="5" name="Test" time="31.896" errors="0" timestamp="2023-10-06T21:38:23 CDT">
  <testcase classname="testcases.TestCaseOne" name="testCaseCorrectInfo" time="4.064"/>
  <testcase classname="testcases.TestCaseOne" name="testCaseIncorrectUID" time="2.384"/>
  <testcase classname="testcases.TestCaseTwo" name="testCaseArray" time="4.111"/>
  <testcase classname="testcases.TestCaseTwo" name="testCaseArray" time="3.29"/>
  <testcase classname="testcases.TestCaseTwo" name="testCaseArray" time="3.335"/>
  <testcase classname="testcases.TestCaseOne" name="testCaseIncorrectPassword" time="0.0">
    <ignored/>
  </testcase> <!-- testCaseIncorrectPassword -->
</testsuite> <!-- Test -->
