<?xml version="1.0" encoding="UTF-8"?>
<testng-results ignored="0" total="3" passed="3" failed="0" skipped="0">
  <reporter-output>
  </reporter-output>
  <suite started-at="2023-10-27T14:37:59 CDT" name="Default suite" finished-at="2023-10-27T14:38:37 CDT" duration-ms="38540">
    <groups>
    </groups>
    <test started-at="2023-10-27T14:37:59 CDT" name="Default test" finished-at="2023-10-27T14:38:37 CDT" duration-ms="38540">
      <class name="testcases.TestCaseTwo">
        <test-method is-config="true" signature="test()[pri:0, instance:testcases.TestCaseTwo@5c5eefef]" started-at="2023-10-27T14:38:00 CDT" name="test" finished-at="2023-10-27T14:38:09 CDT" duration-ms="8826" status="PASS">
          <reporter-output>
          </reporter-output>
        </test-method> <!-- test -->
        <test-method signature="testCaseArray(java.lang.String,java.lang.String)[pri:0, instance:testcases.TestCaseTwo@5c5eefef]" started-at="2023-10-27T14:38:09 CDT" name="testCaseArray" data-provider="testdata" finished-at="2023-10-27T14:38:18 CDT" duration-ms="8860" status="PASS">
          <params>
            <param index="0">
              <value>
                <![CDATA[student]]>
              </value>
            </param>
            <param index="1">
              <value>
                <![CDATA[Password123]]>
              </value>
            </param>
          </params>
          <reporter-output>
          </reporter-output>
        </test-method> <!-- testCaseArray -->
        <test-method is-config="true" signature="test()[pri:0, instance:testcases.TestCaseTwo@5c5eefef]" started-at="2023-10-27T14:38:18 CDT" name="test" finished-at="2023-10-27T14:38:22 CDT" duration-ms="4046" status="PASS">
          <reporter-output>
          </reporter-output>
        </test-method> <!-- test -->
        <test-method signature="testCaseArray(java.lang.String,java.lang.String)[pri:0, instance:testcases.TestCaseTwo@5c5eefef]" started-at="2023-10-27T14:38:22 CDT" name="testCaseArray" data-provider="testdata" finished-at="2023-10-27T14:38:26 CDT" duration-ms="4357" status="PASS">
          <params>
            <param index="0">
              <value>
                <![CDATA[incorrectUser]]>
              </value>
            </param>
            <param index="1">
              <value>
                <![CDATA[Password123]]>
              </value>
            </param>
          </params>
          <reporter-output>
          </reporter-output>
        </test-method> <!-- testCaseArray -->
        <test-method is-config="true" signature="test()[pri:0, instance:testcases.TestCaseTwo@5c5eefef]" started-at="2023-10-27T14:38:26 CDT" name="test" finished-at="2023-10-27T14:38:33 CDT" duration-ms="6246" status="PASS">
          <reporter-output>
          </reporter-output>
        </test-method> <!-- test -->
        <test-method signature="testCaseArray(java.lang.String,java.lang.String)[pri:0, instance:testcases.TestCaseTwo@5c5eefef]" started-at="2023-10-27T14:38:33 CDT" name="testCaseArray" data-provider="testdata" finished-at="2023-10-27T14:38:37 CDT" duration-ms="4537" status="PASS">
          <params>
            <param index="0">
              <value>
                <![CDATA[student]]>
              </value>
            </param>
            <param index="1">
              <value>
                <![CDATA[incorrectPassword]]>
              </value>
            </param>
          </params>
          <reporter-output>
          </reporter-output>
        </test-method> <!-- testCaseArray -->
      </class> <!-- testcases.TestCaseTwo -->
    </test> <!-- Default test -->
  </suite> <!-- Default suite -->
</testng-results>
