<?xml version="1.0" encoding="UTF-8"?>
<testng-results ignored="0" total="3" passed="3" failed="0" skipped="0">
  <reporter-output>
  </reporter-output>
  <suite started-at="2023-11-29T14:05:37 CST" name="Default suite" finished-at="2023-11-29T14:06:05 CST" duration-ms="27688">
    <groups>
    </groups>
    <test started-at="2023-11-29T14:05:37 CST" name="Default test" finished-at="2023-11-29T14:06:05 CST" duration-ms="27688">
      <class name="testcases.TestCaseTwo">
        <test-method is-config="true" signature="test()[pri:0, instance:testcases.TestCaseTwo@5c5eefef]" started-at="2023-11-29T14:05:38 CST" name="test" finished-at="2023-11-29T14:05:44 CST" duration-ms="5940" status="PASS">
          <reporter-output>
          </reporter-output>
        </test-method> <!-- test -->
        <test-method signature="testCaseArray(java.lang.String,java.lang.String)[pri:0, instance:testcases.TestCaseTwo@5c5eefef]" started-at="2023-11-29T14:05:44 CST" name="testCaseArray" data-provider="testdata" finished-at="2023-11-29T14:05:52 CST" duration-ms="7314" status="PASS">
          <params>
            <param index="0">
              <value>
                <![CDATA[student]]>
              </value>
            </param>
            <param index="1">
              <value>
                <![CDATA[Password123]]>
              </value>
            </param>
          </params>
          <reporter-output>
          </reporter-output>
        </test-method> <!-- testCaseArray -->
        <test-method is-config="true" signature="test()[pri:0, instance:testcases.TestCaseTwo@5c5eefef]" started-at="2023-11-29T14:05:52 CST" name="test" finished-at="2023-11-29T14:05:54 CST" duration-ms="1992" status="PASS">
          <reporter-output>
          </reporter-output>
        </test-method> <!-- test -->
        <test-method signature="testCaseArray(java.lang.String,java.lang.String)[pri:0, instance:testcases.TestCaseTwo@5c5eefef]" started-at="2023-11-29T14:05:54 CST" name="testCaseArray" data-provider="testdata" finished-at="2023-11-29T14:05:58 CST" duration-ms="4243" status="PASS">
          <params>
            <param index="0">
              <value>
                <![CDATA[incorrectUser]]>
              </value>
            </param>
            <param index="1">
              <value>
                <![CDATA[Password123]]>
              </value>
            </param>
          </params>
          <reporter-output>
          </reporter-output>
        </test-method> <!-- testCaseArray -->
        <test-method is-config="true" signature="test()[pri:0, instance:testcases.TestCaseTwo@5c5eefef]" started-at="2023-11-29T14:05:58 CST" name="test" finished-at="2023-11-29T14:06:01 CST" duration-ms="2524" status="PASS">
          <reporter-output>
          </reporter-output>
        </test-method> <!-- test -->
        <test-method signature="testCaseArray(java.lang.String,java.lang.String)[pri:0, instance:testcases.TestCaseTwo@5c5eefef]" started-at="2023-11-29T14:06:01 CST" name="testCaseArray" data-provider="testdata" finished-at="2023-11-29T14:06:05 CST" duration-ms="4226" status="PASS">
          <params>
            <param index="0">
              <value>
                <![CDATA[student]]>
              </value>
            </param>
            <param index="1">
              <value>
                <![CDATA[incorrectPassword]]>
              </value>
            </param>
          </params>
          <reporter-output>
          </reporter-output>
        </test-method> <!-- testCaseArray -->
      </class> <!-- testcases.TestCaseTwo -->
    </test> <!-- Default test -->
  </suite> <!-- Default suite -->
</testng-results>
