<?xml version="1.0" encoding="UTF-8"?>
<!-- Generated by org.testng.reporters.JUnitReportReporter -->
<testsuite hostname="LAPTOP-MRK535JM" failures="0" tests="3" name="testRunner.TestRunner" time="22.827" errors="0" timestamp="2023-10-26T21:44:49 CDT" skipped="0">
  <testcase classname="testRunner.TestRunner" name="runScenario" time="4.416"/>
  <system-out/>
  <testcase classname="testRunner.TestRunner" name="runScenario" time="12.981"/>
  <system-out/>
  <testcase classname="testRunner.TestRunner" name="runScenario" time="5.430"/>
  <system-out/>
</testsuite> <!-- testRunner.TestRunner -->
