<?xml version="1.0" encoding="UTF-8"?>
<!-- Generated by org.testng.reporters.JUnitReportReporter -->
<testsuite hostname="LAPTOP-MRK535JM" failures="0" tests="3" name="testcases.TestCaseTwo" time="26.239" errors="0" timestamp="2023-11-29T14:06:05 CST" skipped="0">
  <testcase classname="testcases.TestCaseTwo" name="testCaseArray" time="13.254"/>
  <system-out/>
  <testcase classname="testcases.TestCaseTwo" name="testCaseArray" time="6.218"/>
  <system-out/>
  <testcase classname="testcases.TestCaseTwo" name="testCaseArray" time="6.767"/>
  <system-out/>
</testsuite> <!-- testcases.TestCaseTwo -->
