<?xml version="1.0" encoding="UTF-8"?>
<!-- Generated by org.testng.reporters.JUnitReportReporter -->
<testsuite hostname="LAPTOP-MRK535JM" failures="0" tests="3" name="testcases.TestCaseOne" time="13.414" errors="0" timestamp="2023-10-11T20:05:21 CDT" skipped="1">
  <testcase classname="testcases.TestCaseOne" name="testCaseIncorrectUID" time="4.410"/>
  <system-out/>
  <testcase classname="testcases.TestCaseOne" name="testCaseCorrectInfo" time="9.004"/>
  <system-out/>
  <testcase classname="testcases.TestCaseOne" name="testCaseIncorrectPassword">
    <skipped/>
  </testcase> <!-- testCaseIncorrectPassword -->
  <system-out/>
</testsuite> <!-- testcases.TestCaseOne -->
