<?xml version="1.0" encoding="UTF-8"?>
<!-- Generated by org.testng.reporters.JUnitReportReporter -->
<testsuite hostname="LAPTOP-MRK535JM" failures="0" tests="3" name="testcases.PagefactoryTestCase" time="16.838" errors="0" timestamp="2023-10-18T21:03:47 CDT" skipped="0">
  <testcase classname="testcases.PagefactoryTestCase" name="testCaseArray" time="5.850"/>
  <system-out/>
  <testcase classname="testcases.PagefactoryTestCase" name="testCaseArray" time="4.861"/>
  <system-out/>
  <testcase classname="testcases.PagefactoryTestCase" name="testCaseArray" time="6.127"/>
  <system-out/>
</testsuite> <!-- testcases.PagefactoryTestCase -->
