<?xml version="1.0" encoding="UTF-8"?>
<!-- Generated by org.testng.reporters.JUnitReportReporter -->
<testsuite hostname="LAPTOP-MRK535JM" failures="0" tests="3" name="testcases.TestCaseTwo" time="36.872" errors="0" timestamp="2023-10-27T14:38:38 CDT" skipped="0">
  <testcase classname="testcases.TestCaseTwo" name="testCaseArray" time="13.363"/>
  <system-out/>
  <testcase classname="testcases.TestCaseTwo" name="testCaseArray" time="8.403"/>
  <system-out/>
  <testcase classname="testcases.TestCaseTwo" name="testCaseArray" time="15.106"/>
  <system-out/>
</testsuite> <!-- testcases.TestCaseTwo -->
